2026-07-16 21:39:47,793 - INFO - [bronze_ingest.py:24] - Starting Bronze Layer Ingestion...
2026-07-16 21:39:47,873 - INFO - [bronze_ingest.py:67] - Copied orders (600 rows, 6 columns)
2026-07-16 21:39:47,884 - INFO - [bronze_ingest.py:67] - Copied inventory (300 rows, 5 columns)
2026-07-16 21:39:47,902 - INFO - [bronze_ingest.py:67] - Copied products (30 rows, 4 columns)
2026-07-16 21:39:47,920 - INFO - [bronze_ingest.py:67] - Copied stores (10 rows, 4 columns)
2026-07-16 21:39:47,935 - INFO - [bronze_ingest.py:67] - Copied suppliers (20 rows, 5 columns)
2026-07-16 21:43:29,463 - INFO - [silver_clean.py:13] - Starting Silver Layer Processing...
2026-07-16 21:43:29,475 - INFO - [silver_clean.py:34] - Processing dataset 'orders' for Silver Layer...
2026-07-16 21:43:29,577 - INFO - [silver_clean.py:101] - Silver Process Success: 'orders' -> Saved to 'data/silver\orders_clean.csv' (600 rows, dropped 0 rows)
2026-07-16 21:43:29,605 - INFO - [silver_clean.py:105] - Silver table 'silver_orders' successfully updated in SQLite database.
2026-07-16 21:43:29,606 - INFO - [silver_clean.py:34] - Processing dataset 'inventory' for Silver Layer...
2026-07-16 21:43:29,667 - INFO - [silver_clean.py:101] - Silver Process Success: 'inventory' -> Saved to 'data/silver\inventory_clean.csv' (300 rows, dropped 0 rows)
2026-07-16 21:43:29,690 - INFO - [silver_clean.py:105] - Silver table 'silver_inventory' successfully updated in SQLite database.
2026-07-16 21:43:29,691 - INFO - [silver_clean.py:34] - Processing dataset 'products' for Silver Layer...
2026-07-16 21:43:29,729 - INFO - [silver_clean.py:101] - Silver Process Success: 'products' -> Saved to 'data/silver\products_clean.csv' (30 rows, dropped 0 rows)
2026-07-16 21:43:29,748 - INFO - [silver_clean.py:105] - Silver table 'silver_products' successfully updated in SQLite database.
2026-07-16 21:43:29,749 - INFO - [silver_clean.py:34] - Processing dataset 'stores' for Silver Layer...
2026-07-16 21:43:29,789 - INFO - [silver_clean.py:101] - Silver Process Success: 'stores' -> Saved to 'data/silver\stores_clean.csv' (10 rows, dropped 0 rows)
2026-07-16 21:43:29,814 - INFO - [silver_clean.py:105] - Silver table 'silver_stores' successfully updated in SQLite database.
2026-07-16 21:43:29,815 - INFO - [silver_clean.py:34] - Processing dataset 'suppliers' for Silver Layer...
2026-07-16 21:43:29,856 - INFO - [silver_clean.py:101] - Silver Process Success: 'suppliers' -> Saved to 'data/silver\suppliers_clean.csv' (20 rows, dropped 0 rows)
2026-07-16 21:43:29,880 - INFO - [silver_clean.py:105] - Silver table 'silver_suppliers' successfully updated in SQLite database.
2026-07-16 21:43:29,884 - INFO - [silver_clean.py:126] - Silver layer processing complete. Metadata saved to data/silver\silver_metadata.json
2026-07-16 21:45:44,072 - INFO - [gold_kpis.py:13] - Starting Gold Layer KPI Aggregations...
2026-07-16 21:45:44,077 - INFO - [gold_kpis.py:96] - Computing KPI 'low_stock_alerts' using 'PANDAS' engine...
2026-07-16 21:45:44,101 - INFO - [gold_kpis.py:116] - Gold KPI Success: 'low_stock_alerts' -> Saved to 'data/gold\low_stock_alerts.csv' (50 rows)
2026-07-16 21:45:44,124 - INFO - [gold_kpis.py:96] - Computing KPI 'daily_sales' using 'PANDAS' engine...
2026-07-16 21:45:44,137 - INFO - [gold_kpis.py:116] - Gold KPI Success: 'daily_sales' -> Saved to 'data/gold\daily_sales.csv' (90 rows)
2026-07-16 21:45:44,156 - INFO - [gold_kpis.py:96] - Computing KPI 'top_products' using 'PANDAS' engine...
2026-07-16 21:45:44,166 - INFO - [gold_kpis.py:116] - Gold KPI Success: 'top_products' -> Saved to 'data/gold\top_products.csv' (10 rows)
2026-07-16 21:45:44,188 - INFO - [gold_kpis.py:96] - Computing KPI 'store_performance' using 'PANDAS' engine...
2026-07-16 21:45:44,197 - INFO - [gold_kpis.py:116] - Gold KPI Success: 'store_performance' -> Saved to 'data/gold\store_performance.csv' (10 rows)
2026-07-16 21:45:44,223 - INFO - [gold_kpis.py:96] - Computing KPI 'category_revenue' using 'PANDAS' engine...
2026-07-16 21:45:44,233 - INFO - [gold_kpis.py:116] - Gold KPI Success: 'category_revenue' -> Saved to 'data/gold\category_revenue.csv' (10 rows)
2026-07-16 21:45:44,264 - INFO - [gold_kpis.py:144] - Gold layer processing complete. Metadata saved to data/gold\gold_metadata.json
2026-07-16 22:04:30,263 - INFO - [generate_charts.py:18] - Generating Visualization Charts...
2026-07-16 22:04:30,266 - INFO - [generate_charts.py:50] - Generating Top Products Chart...
2026-07-16 22:04:33,364 - INFO - [generate_charts.py:108] - Generating Daily Revenue Chart...
2026-07-16 22:04:33,978 - INFO - [generate_charts.py:164] - Generating Store Performance Chart...
2026-07-16 22:04:34,840 - INFO - [generate_charts.py:211] - Charts generated successfully!
2026-07-16 22:06:23,172 - INFO - [run_pipeline.py:23] - ============================================================
2026-07-16 22:06:23,173 - INFO - [run_pipeline.py:24] - Initializing RetailPulse Supply Chain Pipeline
2026-07-16 22:06:23,174 - INFO - [run_pipeline.py:25] - ============================================================
2026-07-16 22:06:23,174 - INFO - [run_pipeline.py:37] - [1/4] Running Bronze Layer...
2026-07-16 22:06:23,194 - INFO - [bronze_ingest.py:24] - Starting Bronze Layer Ingestion...
2026-07-16 22:06:23,220 - INFO - [bronze_ingest.py:67] - Copied orders (600 rows, 6 columns)
2026-07-16 22:06:23,237 - INFO - [bronze_ingest.py:67] - Copied inventory (300 rows, 5 columns)
2026-07-16 22:06:23,251 - INFO - [bronze_ingest.py:67] - Copied products (30 rows, 4 columns)
2026-07-16 22:06:23,268 - INFO - [bronze_ingest.py:67] - Copied stores (10 rows, 4 columns)
2026-07-16 22:06:23,284 - INFO - [bronze_ingest.py:67] - Copied suppliers (20 rows, 5 columns)
2026-07-16 22:06:23,291 - ERROR - [run_pipeline.py:94] - Pipeline Failed
Traceback (most recent call last):
  File "C:\Users\vidiy.SRUTHY\OneDrive\Desktop\retail\retailpulse\run_pipeline.py", line 46, in main
    "datasets": len(bronze)
                ~~~^^^^^^^^
TypeError: object of type 'NoneType' has no len()
2026-07-16 22:06:23,297 - INFO - [run_pipeline.py:124] - ============================================================
2026-07-16 22:06:23,300 - INFO - [run_pipeline.py:125] - Pipeline Status : FAILED
2026-07-16 22:06:23,301 - INFO - [run_pipeline.py:126] - Execution Time : 0.12 seconds
2026-07-16 22:06:23,302 - INFO - [run_pipeline.py:127] - Report Saved : C:\Users\vidiy.SRUTHY\OneDrive\Desktop\retail\retailpulse\data\pipeline_run_report.json
2026-07-16 22:06:23,303 - INFO - [run_pipeline.py:128] - ============================================================
2026-07-16 22:08:51,489 - INFO - [run_pipeline.py:23] - ============================================================
2026-07-16 22:08:51,490 - INFO - [run_pipeline.py:24] - Initializing RetailPulse Supply Chain Pipeline
2026-07-16 22:08:51,491 - INFO - [run_pipeline.py:25] - ============================================================
2026-07-16 22:08:51,491 - INFO - [run_pipeline.py:39] - [1/4] Running Bronze Layer...
2026-07-16 22:08:51,507 - INFO - [bronze_ingest.py:24] - Starting Bronze Layer Ingestion...
2026-07-16 22:08:51,528 - INFO - [bronze_ingest.py:67] - Copied orders (600 rows, 6 columns)
2026-07-16 22:08:51,540 - INFO - [bronze_ingest.py:67] - Copied inventory (300 rows, 5 columns)
2026-07-16 22:08:51,552 - INFO - [bronze_ingest.py:67] - Copied products (30 rows, 4 columns)
2026-07-16 22:08:51,561 - INFO - [bronze_ingest.py:67] - Copied stores (10 rows, 4 columns)
2026-07-16 22:08:51,571 - INFO - [bronze_ingest.py:67] - Copied suppliers (20 rows, 5 columns)
2026-07-16 22:08:51,576 - INFO - [run_pipeline.py:54] - [2/4] Running Silver Layer...
2026-07-16 22:08:51,591 - INFO - [silver_clean.py:13] - Starting Silver Layer Processing...
2026-07-16 22:08:51,596 - INFO - [silver_clean.py:34] - Processing dataset 'inventory' for Silver Layer...
2026-07-16 22:08:51,660 - INFO - [silver_clean.py:101] - Silver Process Success: 'inventory' -> Saved to 'data/silver\inventory_clean.csv' (300 rows, dropped 0 rows)
2026-07-16 22:08:51,692 - INFO - [silver_clean.py:105] - Silver table 'silver_inventory' successfully updated in SQLite database.
2026-07-16 22:08:51,695 - INFO - [silver_clean.py:34] - Processing dataset 'orders' for Silver Layer...
2026-07-16 22:08:51,749 - INFO - [silver_clean.py:101] - Silver Process Success: 'orders' -> Saved to 'data/silver\orders_clean.csv' (600 rows, dropped 0 rows)
2026-07-16 22:08:51,788 - INFO - [silver_clean.py:105] - Silver table 'silver_orders' successfully updated in SQLite database.
2026-07-16 22:08:51,789 - INFO - [silver_clean.py:34] - Processing dataset 'products' for Silver Layer...
2026-07-16 22:08:51,806 - INFO - [silver_clean.py:101] - Silver Process Success: 'products' -> Saved to 'data/silver\products_clean.csv' (30 rows, dropped 0 rows)
2026-07-16 22:08:51,857 - INFO - [silver_clean.py:105] - Silver table 'silver_products' successfully updated in SQLite database.
2026-07-16 22:08:51,858 - INFO - [silver_clean.py:34] - Processing dataset 'stores' for Silver Layer...
2026-07-16 22:08:51,868 - INFO - [silver_clean.py:101] - Silver Process Success: 'stores' -> Saved to 'data/silver\stores_clean.csv' (10 rows, dropped 0 rows)
2026-07-16 22:08:51,898 - INFO - [silver_clean.py:105] - Silver table 'silver_stores' successfully updated in SQLite database.
2026-07-16 22:08:51,899 - INFO - [silver_clean.py:34] - Processing dataset 'suppliers' for Silver Layer...
2026-07-16 22:08:51,911 - INFO - [silver_clean.py:101] - Silver Process Success: 'suppliers' -> Saved to 'data/silver\suppliers_clean.csv' (20 rows, dropped 0 rows)
2026-07-16 22:08:51,935 - INFO - [silver_clean.py:105] - Silver table 'silver_suppliers' successfully updated in SQLite database.
2026-07-16 22:08:51,939 - INFO - [silver_clean.py:126] - Silver layer processing complete. Metadata saved to data/silver\silver_metadata.json
2026-07-16 22:08:51,939 - INFO - [run_pipeline.py:69] - [3/4] Running Gold Layer...
2026-07-16 22:08:51,954 - INFO - [gold_kpis.py:13] - Starting Gold Layer KPI Aggregations...
2026-07-16 22:08:51,960 - INFO - [gold_kpis.py:75] - Initializing PySpark Session for Gold layer computations...
2026-07-16 22:09:23,359 - INFO - [run_pipeline.py:23] - ============================================================
2026-07-16 22:09:23,360 - INFO - [run_pipeline.py:24] - Initializing RetailPulse Supply Chain Pipeline
2026-07-16 22:09:23,361 - INFO - [run_pipeline.py:25] - ============================================================
2026-07-16 22:09:23,361 - INFO - [run_pipeline.py:39] - [1/4] Running Bronze Layer...
2026-07-16 22:09:23,379 - INFO - [bronze_ingest.py:24] - Starting Bronze Layer Ingestion...
2026-07-16 22:09:23,396 - INFO - [bronze_ingest.py:67] - Copied orders (600 rows, 6 columns)
2026-07-16 22:09:23,421 - INFO - [bronze_ingest.py:67] - Copied inventory (300 rows, 5 columns)
2026-07-16 22:09:23,432 - INFO - [bronze_ingest.py:67] - Copied products (30 rows, 4 columns)
2026-07-16 22:09:23,442 - INFO - [bronze_ingest.py:67] - Copied stores (10 rows, 4 columns)
2026-07-16 22:09:23,451 - INFO - [bronze_ingest.py:67] - Copied suppliers (20 rows, 5 columns)
2026-07-16 22:09:23,455 - INFO - [run_pipeline.py:54] - [2/4] Running Silver Layer...
2026-07-16 22:09:23,472 - INFO - [silver_clean.py:13] - Starting Silver Layer Processing...
2026-07-16 22:09:23,475 - INFO - [silver_clean.py:34] - Processing dataset 'inventory' for Silver Layer...
2026-07-16 22:09:23,536 - INFO - [silver_clean.py:101] - Silver Process Success: 'inventory' -> Saved to 'data/silver\inventory_clean.csv' (300 rows, dropped 0 rows)
2026-07-16 22:09:23,575 - INFO - [silver_clean.py:105] - Silver table 'silver_inventory' successfully updated in SQLite database.
2026-07-16 22:09:23,576 - INFO - [silver_clean.py:34] - Processing dataset 'orders' for Silver Layer...
2026-07-16 22:09:23,629 - INFO - [silver_clean.py:101] - Silver Process Success: 'orders' -> Saved to 'data/silver\orders_clean.csv' (600 rows, dropped 0 rows)
2026-07-16 22:09:23,668 - INFO - [silver_clean.py:105] - Silver table 'silver_orders' successfully updated in SQLite database.
2026-07-16 22:09:23,669 - INFO - [silver_clean.py:34] - Processing dataset 'products' for Silver Layer...
2026-07-16 22:09:23,689 - INFO - [silver_clean.py:101] - Silver Process Success: 'products' -> Saved to 'data/silver\products_clean.csv' (30 rows, dropped 0 rows)
2026-07-16 22:09:23,732 - INFO - [silver_clean.py:105] - Silver table 'silver_products' successfully updated in SQLite database.
2026-07-16 22:09:23,732 - INFO - [silver_clean.py:34] - Processing dataset 'stores' for Silver Layer...
2026-07-16 22:09:23,749 - INFO - [silver_clean.py:101] - Silver Process Success: 'stores' -> Saved to 'data/silver\stores_clean.csv' (10 rows, dropped 0 rows)
2026-07-16 22:09:23,785 - INFO - [silver_clean.py:105] - Silver table 'silver_stores' successfully updated in SQLite database.
2026-07-16 22:09:23,785 - INFO - [silver_clean.py:34] - Processing dataset 'suppliers' for Silver Layer...
2026-07-16 22:09:23,799 - INFO - [silver_clean.py:101] - Silver Process Success: 'suppliers' -> Saved to 'data/silver\suppliers_clean.csv' (20 rows, dropped 0 rows)
2026-07-16 22:09:23,834 - INFO - [silver_clean.py:105] - Silver table 'silver_suppliers' successfully updated in SQLite database.
2026-07-16 22:09:23,838 - INFO - [silver_clean.py:126] - Silver layer processing complete. Metadata saved to data/silver\silver_metadata.json
2026-07-16 22:09:23,839 - INFO - [run_pipeline.py:69] - [3/4] Running Gold Layer...
2026-07-16 22:09:23,859 - INFO - [gold_kpis.py:13] - Starting Gold Layer KPI Aggregations...
2026-07-16 22:09:23,865 - INFO - [gold_kpis.py:75] - Initializing PySpark Session for Gold layer computations...
2026-07-16 22:09:55,894 - INFO - [gold_kpis.py:78] - PySpark initialized successfully! Running with Spark SQL engine.
2026-07-16 22:10:03,477 - INFO - [gold_kpis.py:96] - Computing KPI 'low_stock_alerts' using 'SPARK' engine...
2026-07-16 22:10:03,859 - ERROR - [gold_kpis.py:128] - Failed to compute KPI 'low_stock_alerts' with SPARK: [DATATYPE_MISMATCH.BINARY_OP_DIFF_TYPES] Cannot resolve "(low_stock_flag = 1)" due to data type mismatch: the left and right operands of the binary operator have incompatible types ("BOOLEAN" and "INT"). SQLSTATE: 42K09; line 7 pos 18;
'Project ['p.product_name, 'p.category, 's.store_name, 's.city, 'i.stock_level, 'i.reorder_level, ('i.reorder_level - 'i.stock_level) AS units_needed#111]
+- 'Filter ((low_stock_flag#46 = 1) OR (low_stock_flag#46 = cast(true as boolean)))
   +- Join Inner, (store_id#42 = store_id#85)
      :- Join Inner, (product_id#41 = product_id#64)
      :  :- SubqueryAlias i
      :  :  +- SubqueryAlias silver_inventory
      :  :     +- View (`silver_inventory`, [product_id#41, store_id#42, stock_level#43, reorder_level#44, last_updated#45, low_stock_flag#46])
      :  :        +- Relation [product_id#41,store_id#42,stock_level#43,reorder_level#44,last_updated#45,low_stock_flag#46] csv
      :  +- SubqueryAlias p
      :     +- SubqueryAlias silver_products
      :        +- View (`silver_products`, [product_id#64, product_name#65, category#66, supplier_id#67])
      :           +- Relation [product_id#64,product_name#65,category#66,supplier_id#67] csv
      +- SubqueryAlias s
         +- SubqueryAlias silver_stores
            +- View (`silver_stores`, [store_id#85, store_name#86, city#87, region#88])
               +- Relation [store_id#85,store_name#86,city#87,region#88] csv

2026-07-16 22:10:04,014 - ERROR - [run_pipeline.py:99] - Pipeline Failed
Traceback (most recent call last):
  File "C:\Users\vidiy.SRUTHY\OneDrive\Desktop\retail\retailpulse\run_pipeline.py", line 73, in main
    run_gold_layer()
    ~~~~~~~~~~~~~~^^
  File "C:\Users\vidiy.SRUTHY\OneDrive\Desktop\retail\retailpulse\scripts\gold_kpis.py", line 132, in run_gold_layer
    raise e
  File "C:\Users\vidiy.SRUTHY\OneDrive\Desktop\retail\retailpulse\scripts\gold_kpis.py", line 101, in run_gold_layer
    spark_df = spark.sql(query)
  File "C:\Python313\Lib\site-packages\pyspark\sql\session.py", line 1816, in sql
    return DataFrame(self._jsparkSession.sql(sqlQuery, litArgs), self)
                     ~~~~~~~~~~~~~~~~~~~~~~~^^^^^^^^^^^^^^^^^^^
  File "C:\Python313\Lib\site-packages\py4j\java_gateway.py", line 1362, in __call__
    return_value = get_return_value(
        answer, self.gateway_client, self.target_id, self.name)
  File "C:\Python313\Lib\site-packages\pyspark\errors\exceptions\captured.py", line 269, in deco
    raise converted from None
pyspark.errors.exceptions.captured.AnalysisException: [DATATYPE_MISMATCH.BINARY_OP_DIFF_TYPES] Cannot resolve "(low_stock_flag = 1)" due to data type mismatch: the left and right operands of the binary operator have incompatible types ("BOOLEAN" and "INT"). SQLSTATE: 42K09; line 7 pos 18;
'Project ['p.product_name, 'p.category, 's.store_name, 's.city, 'i.stock_level, 'i.reorder_level, ('i.reorder_level - 'i.stock_level) AS units_needed#111]
+- 'Filter ((low_stock_flag#46 = 1) OR (low_stock_flag#46 = cast(true as boolean)))
   +- Join Inner, (store_id#42 = store_id#85)
      :- Join Inner, (product_id#41 = product_id#64)
      :  :- SubqueryAlias i
      :  :  +- SubqueryAlias silver_inventory
      :  :     +- View (`silver_inventory`, [product_id#41, store_id#42, stock_level#43, reorder_level#44, last_updated#45, low_stock_flag#46])
      :  :        +- Relation [product_id#41,store_id#42,stock_level#43,reorder_level#44,last_updated#45,low_stock_flag#46] csv
      :  +- SubqueryAlias p
      :     +- SubqueryAlias silver_products
      :        +- View (`silver_products`, [product_id#64, product_name#65, category#66, supplier_id#67])
      :           +- Relation [product_id#64,product_name#65,category#66,supplier_id#67] csv
      +- SubqueryAlias s
         +- SubqueryAlias silver_stores
            +- View (`silver_stores`, [store_id#85, store_name#86, city#87, region#88])
               +- Relation [store_id#85,store_name#86,city#87,region#88] csv

2026-07-16 22:10:04,053 - INFO - [run_pipeline.py:122] - ============================================================
2026-07-16 22:10:04,055 - INFO - [run_pipeline.py:123] - Pipeline Status : FAILED
2026-07-16 22:10:04,057 - INFO - [run_pipeline.py:124] - Execution Time : 40.69 seconds
2026-07-16 22:10:04,058 - INFO - [run_pipeline.py:125] - Report Saved : C:\Users\vidiy.SRUTHY\OneDrive\Desktop\retail\retailpulse\data\pipeline_run_report.json
2026-07-16 22:10:04,058 - INFO - [run_pipeline.py:126] - ============================================================
2026-07-16 22:27:57,329 - INFO - [run_pipeline.py:23] - ============================================================
2026-07-16 22:27:57,330 - INFO - [run_pipeline.py:24] - Initializing RetailPulse Supply Chain Pipeline
2026-07-16 22:27:57,331 - INFO - [run_pipeline.py:25] - ============================================================
2026-07-16 22:27:57,331 - INFO - [run_pipeline.py:39] - [1/4] Running Bronze Layer...
2026-07-16 22:27:57,348 - INFO - [bronze_ingest.py:24] - Starting Bronze Layer Ingestion...
2026-07-16 22:27:57,375 - INFO - [bronze_ingest.py:67] - Copied orders (600 rows, 6 columns)
2026-07-16 22:27:57,393 - INFO - [bronze_ingest.py:67] - Copied inventory (300 rows, 5 columns)
2026-07-16 22:27:57,404 - INFO - [bronze_ingest.py:67] - Copied products (30 rows, 4 columns)
2026-07-16 22:27:57,416 - INFO - [bronze_ingest.py:67] - Copied stores (10 rows, 4 columns)
2026-07-16 22:27:57,430 - INFO - [bronze_ingest.py:67] - Copied suppliers (20 rows, 5 columns)
2026-07-16 22:27:57,434 - INFO - [run_pipeline.py:54] - [2/4] Running Silver Layer...
2026-07-16 22:27:57,458 - INFO - [silver_clean.py:13] - Starting Silver Layer Processing...
2026-07-16 22:27:57,461 - INFO - [silver_clean.py:34] - Processing dataset 'orders' for Silver Layer...
2026-07-16 22:27:57,532 - INFO - [silver_clean.py:101] - Silver Process Success: 'orders' -> Saved to 'data/silver\orders_clean.csv' (600 rows, dropped 0 rows)
2026-07-16 22:27:57,580 - INFO - [silver_clean.py:105] - Silver table 'silver_orders' successfully updated in SQLite database.
2026-07-16 22:27:57,582 - INFO - [silver_clean.py:34] - Processing dataset 'inventory' for Silver Layer...
2026-07-16 22:27:57,639 - INFO - [silver_clean.py:101] - Silver Process Success: 'inventory' -> Saved to 'data/silver\inventory_clean.csv' (300 rows, dropped 0 rows)
2026-07-16 22:27:57,683 - INFO - [silver_clean.py:105] - Silver table 'silver_inventory' successfully updated in SQLite database.
2026-07-16 22:27:57,684 - INFO - [silver_clean.py:34] - Processing dataset 'products' for Silver Layer...
2026-07-16 22:27:57,700 - INFO - [silver_clean.py:101] - Silver Process Success: 'products' -> Saved to 'data/silver\products_clean.csv' (30 rows, dropped 0 rows)
2026-07-16 22:27:57,741 - INFO - [silver_clean.py:105] - Silver table 'silver_products' successfully updated in SQLite database.
2026-07-16 22:27:57,742 - INFO - [silver_clean.py:34] - Processing dataset 'stores' for Silver Layer...
2026-07-16 22:27:57,759 - INFO - [silver_clean.py:101] - Silver Process Success: 'stores' -> Saved to 'data/silver\stores_clean.csv' (10 rows, dropped 0 rows)
2026-07-16 22:27:57,795 - INFO - [silver_clean.py:105] - Silver table 'silver_stores' successfully updated in SQLite database.
2026-07-16 22:27:57,796 - INFO - [silver_clean.py:34] - Processing dataset 'suppliers' for Silver Layer...
2026-07-16 22:27:57,811 - INFO - [silver_clean.py:101] - Silver Process Success: 'suppliers' -> Saved to 'data/silver\suppliers_clean.csv' (20 rows, dropped 0 rows)
2026-07-16 22:27:57,847 - INFO - [silver_clean.py:105] - Silver table 'silver_suppliers' successfully updated in SQLite database.
2026-07-16 22:27:57,850 - INFO - [silver_clean.py:126] - Silver layer processing complete. Metadata saved to data/silver\silver_metadata.json
2026-07-16 22:27:57,851 - INFO - [run_pipeline.py:69] - [3/4] Running Gold Layer...
2026-07-16 22:27:57,876 - INFO - [gold_kpis.py:13] - Starting Gold Layer KPI Aggregations...
2026-07-16 22:27:57,883 - INFO - [gold_kpis.py:96] - Computing KPI 'low_stock_alerts' using 'PANDAS' engine...
2026-07-16 22:27:57,890 - INFO - [gold_kpis.py:116] - Gold KPI Success: 'low_stock_alerts' -> Saved to 'data/gold\low_stock_alerts.csv' (50 rows)
2026-07-16 22:27:57,925 - INFO - [gold_kpis.py:96] - Computing KPI 'daily_sales' using 'PANDAS' engine...
2026-07-16 22:27:57,936 - INFO - [gold_kpis.py:116] - Gold KPI Success: 'daily_sales' -> Saved to 'data/gold\daily_sales.csv' (90 rows)
2026-07-16 22:27:57,977 - INFO - [gold_kpis.py:96] - Computing KPI 'top_products' using 'PANDAS' engine...
2026-07-16 22:27:57,993 - INFO - [gold_kpis.py:116] - Gold KPI Success: 'top_products' -> Saved to 'data/gold\top_products.csv' (10 rows)
2026-07-16 22:27:58,039 - INFO - [gold_kpis.py:96] - Computing KPI 'store_performance' using 'PANDAS' engine...
2026-07-16 22:27:58,046 - INFO - [gold_kpis.py:116] - Gold KPI Success: 'store_performance' -> Saved to 'data/gold\store_performance.csv' (10 rows)
2026-07-16 22:27:58,083 - INFO - [gold_kpis.py:96] - Computing KPI 'category_revenue' using 'PANDAS' engine...
2026-07-16 22:27:58,092 - INFO - [gold_kpis.py:116] - Gold KPI Success: 'category_revenue' -> Saved to 'data/gold\category_revenue.csv' (10 rows)
2026-07-16 22:27:58,129 - INFO - [gold_kpis.py:144] - Gold layer processing complete. Metadata saved to data/gold\gold_metadata.json
2026-07-16 22:27:58,130 - INFO - [run_pipeline.py:84] - [4/4] Generating Charts...
2026-07-16 22:27:58,159 - INFO - [generate_charts.py:18] - Generating Visualization Charts...
2026-07-16 22:27:58,160 - INFO - [generate_charts.py:50] - Generating Top Products Chart...
2026-07-16 22:27:59,401 - INFO - [generate_charts.py:108] - Generating Daily Revenue Chart...
2026-07-16 22:28:00,610 - INFO - [generate_charts.py:164] - Generating Store Performance Chart...
2026-07-16 22:28:01,599 - INFO - [generate_charts.py:211] - Charts generated successfully!
2026-07-16 22:28:01,603 - INFO - [run_pipeline.py:122] - ============================================================
2026-07-16 22:28:01,603 - INFO - [run_pipeline.py:123] - Pipeline Status : SUCCESS
2026-07-16 22:28:01,604 - INFO - [run_pipeline.py:124] - Execution Time : 4.27 seconds
2026-07-16 22:28:01,604 - INFO - [run_pipeline.py:125] - Report Saved : C:\Users\vidiy.SRUTHY\OneDrive\Desktop\retail\retailpulse\data\pipeline_run_report.json
2026-07-16 22:28:01,605 - INFO - [run_pipeline.py:126] - ============================================================
2026-07-16 22:29:31,321 - INFO - [run_pipeline.py:23] - ============================================================
2026-07-16 22:29:31,324 - INFO - [run_pipeline.py:24] - Initializing RetailPulse Supply Chain Pipeline
2026-07-16 22:29:31,325 - INFO - [run_pipeline.py:25] - ============================================================
2026-07-16 22:29:31,327 - INFO - [run_pipeline.py:39] - [1/4] Running Bronze Layer...
2026-07-16 22:29:31,377 - INFO - [bronze_ingest.py:24] - Starting Bronze Layer Ingestion...
2026-07-16 22:29:31,427 - INFO - [bronze_ingest.py:67] - Copied orders (600 rows, 6 columns)
2026-07-16 22:29:31,451 - INFO - [bronze_ingest.py:67] - Copied inventory (300 rows, 5 columns)
2026-07-16 22:29:31,471 - INFO - [bronze_ingest.py:67] - Copied products (30 rows, 4 columns)
2026-07-16 22:29:31,496 - INFO - [bronze_ingest.py:67] - Copied stores (10 rows, 4 columns)
2026-07-16 22:29:31,517 - INFO - [bronze_ingest.py:67] - Copied suppliers (20 rows, 5 columns)
2026-07-16 22:29:31,523 - INFO - [run_pipeline.py:54] - [2/4] Running Silver Layer...
2026-07-16 22:29:31,574 - INFO - [silver_clean.py:13] - Starting Silver Layer Processing...
2026-07-16 22:29:31,584 - INFO - [silver_clean.py:34] - Processing dataset 'inventory' for Silver Layer...
2026-07-16 22:29:31,687 - INFO - [silver_clean.py:101] - Silver Process Success: 'inventory' -> Saved to 'data/silver\inventory_clean.csv' (300 rows, dropped 0 rows)
2026-07-16 22:29:31,755 - INFO - [silver_clean.py:105] - Silver table 'silver_inventory' successfully updated in SQLite database.
2026-07-16 22:29:31,757 - INFO - [silver_clean.py:34] - Processing dataset 'orders' for Silver Layer...
2026-07-16 22:29:31,846 - INFO - [silver_clean.py:101] - Silver Process Success: 'orders' -> Saved to 'data/silver\orders_clean.csv' (600 rows, dropped 0 rows)
2026-07-16 22:29:31,920 - INFO - [silver_clean.py:105] - Silver table 'silver_orders' successfully updated in SQLite database.
2026-07-16 22:29:31,922 - INFO - [silver_clean.py:34] - Processing dataset 'products' for Silver Layer...
2026-07-16 22:29:31,955 - INFO - [silver_clean.py:101] - Silver Process Success: 'products' -> Saved to 'data/silver\products_clean.csv' (30 rows, dropped 0 rows)
2026-07-16 22:29:32,017 - INFO - [silver_clean.py:105] - Silver table 'silver_products' successfully updated in SQLite database.
2026-07-16 22:29:32,019 - INFO - [silver_clean.py:34] - Processing dataset 'stores' for Silver Layer...
2026-07-16 22:29:32,048 - INFO - [silver_clean.py:101] - Silver Process Success: 'stores' -> Saved to 'data/silver\stores_clean.csv' (10 rows, dropped 0 rows)
2026-07-16 22:29:32,104 - INFO - [silver_clean.py:105] - Silver table 'silver_stores' successfully updated in SQLite database.
2026-07-16 22:29:32,106 - INFO - [silver_clean.py:34] - Processing dataset 'suppliers' for Silver Layer...
2026-07-16 22:29:32,135 - INFO - [silver_clean.py:101] - Silver Process Success: 'suppliers' -> Saved to 'data/silver\suppliers_clean.csv' (20 rows, dropped 0 rows)
2026-07-16 22:29:32,192 - INFO - [silver_clean.py:105] - Silver table 'silver_suppliers' successfully updated in SQLite database.
2026-07-16 22:29:32,199 - INFO - [silver_clean.py:126] - Silver layer processing complete. Metadata saved to data/silver\silver_metadata.json
2026-07-16 22:29:32,201 - INFO - [run_pipeline.py:69] - [3/4] Running Gold Layer...
2026-07-16 22:29:32,251 - INFO - [gold_kpis.py:13] - Starting Gold Layer KPI Aggregations...
2026-07-16 22:29:32,266 - INFO - [gold_kpis.py:96] - Computing KPI 'low_stock_alerts' using 'PANDAS' engine...
2026-07-16 22:29:32,283 - INFO - [gold_kpis.py:116] - Gold KPI Success: 'low_stock_alerts' -> Saved to 'data/gold\low_stock_alerts.csv' (50 rows)
2026-07-16 22:29:32,344 - INFO - [gold_kpis.py:96] - Computing KPI 'daily_sales' using 'PANDAS' engine...
2026-07-16 22:29:32,364 - INFO - [gold_kpis.py:116] - Gold KPI Success: 'daily_sales' -> Saved to 'data/gold\daily_sales.csv' (90 rows)
2026-07-16 22:29:32,425 - INFO - [gold_kpis.py:96] - Computing KPI 'top_products' using 'PANDAS' engine...
2026-07-16 22:29:32,441 - INFO - [gold_kpis.py:116] - Gold KPI Success: 'top_products' -> Saved to 'data/gold\top_products.csv' (10 rows)
2026-07-16 22:29:32,497 - INFO - [gold_kpis.py:96] - Computing KPI 'store_performance' using 'PANDAS' engine...
2026-07-16 22:29:32,515 - INFO - [gold_kpis.py:116] - Gold KPI Success: 'store_performance' -> Saved to 'data/gold\store_performance.csv' (10 rows)
2026-07-16 22:29:32,572 - INFO - [gold_kpis.py:96] - Computing KPI 'category_revenue' using 'PANDAS' engine...
2026-07-16 22:29:32,588 - INFO - [gold_kpis.py:116] - Gold KPI Success: 'category_revenue' -> Saved to 'data/gold\category_revenue.csv' (10 rows)
2026-07-16 22:29:32,647 - INFO - [gold_kpis.py:144] - Gold layer processing complete. Metadata saved to data/gold\gold_metadata.json
2026-07-16 22:29:32,648 - INFO - [run_pipeline.py:84] - [4/4] Generating Charts...
2026-07-16 22:29:32,700 - INFO - [generate_charts.py:18] - Generating Visualization Charts...
2026-07-16 22:29:32,706 - INFO - [generate_charts.py:50] - Generating Top Products Chart...
2026-07-16 22:29:35,293 - INFO - [generate_charts.py:108] - Generating Daily Revenue Chart...
2026-07-16 22:29:37,360 - INFO - [generate_charts.py:164] - Generating Store Performance Chart...
2026-07-16 22:29:39,855 - INFO - [generate_charts.py:211] - Charts generated successfully!
2026-07-16 22:29:39,859 - INFO - [run_pipeline.py:122] - ============================================================
2026-07-16 22:29:39,859 - INFO - [run_pipeline.py:123] - Pipeline Status : SUCCESS
2026-07-16 22:29:39,860 - INFO - [run_pipeline.py:124] - Execution Time : 8.53 seconds
2026-07-16 22:29:39,860 - INFO - [run_pipeline.py:125] - Report Saved : C:\Users\vidiy.SRUTHY\OneDrive\Desktop\retail\retailpulse\data\pipeline_run_report.json
2026-07-16 22:29:39,860 - INFO - [run_pipeline.py:126] - ============================================================
2026-07-17 17:39:08,017 - INFO - [run_pipeline.py:23] - ============================================================
2026-07-17 17:39:08,018 - INFO - [run_pipeline.py:24] - Initializing RetailPulse Supply Chain Pipeline
2026-07-17 17:39:08,018 - INFO - [run_pipeline.py:25] - ============================================================
2026-07-17 17:39:08,019 - INFO - [run_pipeline.py:39] - [1/4] Running Bronze Layer...
2026-07-17 17:39:08,032 - INFO - [bronze_ingest.py:24] - Starting Bronze Layer Ingestion...
2026-07-17 17:39:08,077 - INFO - [bronze_ingest.py:67] - Copied orders (600 rows, 6 columns)
2026-07-17 17:39:08,117 - INFO - [bronze_ingest.py:67] - Copied inventory (300 rows, 5 columns)
2026-07-17 17:39:08,153 - INFO - [bronze_ingest.py:67] - Copied products (30 rows, 4 columns)
2026-07-17 17:39:08,191 - INFO - [bronze_ingest.py:67] - Copied stores (10 rows, 4 columns)
2026-07-17 17:39:08,207 - INFO - [bronze_ingest.py:67] - Copied suppliers (20 rows, 5 columns)
2026-07-17 17:39:08,212 - INFO - [run_pipeline.py:54] - [2/4] Running Silver Layer...
2026-07-17 17:39:08,241 - INFO - [silver_clean.py:13] - Starting Silver Layer Processing...
2026-07-17 17:39:08,252 - INFO - [silver_clean.py:34] - Processing dataset 'inventory' for Silver Layer...
2026-07-17 17:39:08,336 - INFO - [silver_clean.py:101] - Silver Process Success: 'inventory' -> Saved to 'data/silver\inventory_clean.csv' (300 rows, dropped 0 rows)
2026-07-17 17:39:08,390 - INFO - [silver_clean.py:105] - Silver table 'silver_inventory' successfully updated in SQLite database.
2026-07-17 17:39:08,392 - INFO - [silver_clean.py:34] - Processing dataset 'orders' for Silver Layer...
2026-07-17 17:39:08,445 - INFO - [silver_clean.py:101] - Silver Process Success: 'orders' -> Saved to 'data/silver\orders_clean.csv' (600 rows, dropped 0 rows)
2026-07-17 17:39:08,490 - INFO - [silver_clean.py:105] - Silver table 'silver_orders' successfully updated in SQLite database.
2026-07-17 17:39:08,492 - INFO - [silver_clean.py:34] - Processing dataset 'products' for Silver Layer...
2026-07-17 17:39:08,506 - INFO - [silver_clean.py:101] - Silver Process Success: 'products' -> Saved to 'data/silver\products_clean.csv' (30 rows, dropped 0 rows)
2026-07-17 17:39:08,542 - INFO - [silver_clean.py:105] - Silver table 'silver_products' successfully updated in SQLite database.
2026-07-17 17:39:08,543 - INFO - [silver_clean.py:34] - Processing dataset 'stores' for Silver Layer...
2026-07-17 17:39:08,560 - INFO - [silver_clean.py:101] - Silver Process Success: 'stores' -> Saved to 'data/silver\stores_clean.csv' (10 rows, dropped 0 rows)
2026-07-17 17:39:08,594 - INFO - [silver_clean.py:105] - Silver table 'silver_stores' successfully updated in SQLite database.
2026-07-17 17:39:08,595 - INFO - [silver_clean.py:34] - Processing dataset 'suppliers' for Silver Layer...
2026-07-17 17:39:08,614 - INFO - [silver_clean.py:101] - Silver Process Success: 'suppliers' -> Saved to 'data/silver\suppliers_clean.csv' (20 rows, dropped 0 rows)
2026-07-17 17:39:08,663 - INFO - [silver_clean.py:105] - Silver table 'silver_suppliers' successfully updated in SQLite database.
2026-07-17 17:39:08,666 - INFO - [silver_clean.py:126] - Silver layer processing complete. Metadata saved to data/silver\silver_metadata.json
2026-07-17 17:39:08,667 - INFO - [run_pipeline.py:69] - [3/4] Running Gold Layer...
2026-07-17 17:39:08,690 - INFO - [gold_kpis.py:13] - Starting Gold Layer KPI Aggregations...
2026-07-17 17:39:08,699 - INFO - [gold_kpis.py:96] - Computing KPI 'low_stock_alerts' using 'PANDAS' engine...
2026-07-17 17:39:08,708 - INFO - [gold_kpis.py:116] - Gold KPI Success: 'low_stock_alerts' -> Saved to 'data/gold\low_stock_alerts.csv' (50 rows)
2026-07-17 17:39:08,746 - INFO - [gold_kpis.py:96] - Computing KPI 'daily_sales' using 'PANDAS' engine...
2026-07-17 17:39:08,754 - INFO - [gold_kpis.py:116] - Gold KPI Success: 'daily_sales' -> Saved to 'data/gold\daily_sales.csv' (90 rows)
2026-07-17 17:39:08,792 - INFO - [gold_kpis.py:96] - Computing KPI 'top_products' using 'PANDAS' engine...
2026-07-17 17:39:08,803 - INFO - [gold_kpis.py:116] - Gold KPI Success: 'top_products' -> Saved to 'data/gold\top_products.csv' (10 rows)
2026-07-17 17:39:08,842 - INFO - [gold_kpis.py:96] - Computing KPI 'store_performance' using 'PANDAS' engine...
2026-07-17 17:39:08,852 - INFO - [gold_kpis.py:116] - Gold KPI Success: 'store_performance' -> Saved to 'data/gold\store_performance.csv' (10 rows)
2026-07-17 17:39:08,895 - INFO - [gold_kpis.py:96] - Computing KPI 'category_revenue' using 'PANDAS' engine...
2026-07-17 17:39:08,904 - INFO - [gold_kpis.py:116] - Gold KPI Success: 'category_revenue' -> Saved to 'data/gold\category_revenue.csv' (10 rows)
2026-07-17 17:39:08,945 - INFO - [gold_kpis.py:144] - Gold layer processing complete. Metadata saved to data/gold\gold_metadata.json
2026-07-17 17:39:08,945 - INFO - [run_pipeline.py:84] - [4/4] Generating Charts...
2026-07-17 17:39:08,970 - INFO - [generate_charts.py:18] - Generating Visualization Charts...
2026-07-17 17:39:08,972 - INFO - [generate_charts.py:50] - Generating Top Products Chart...
2026-07-17 17:39:13,004 - INFO - [generate_charts.py:108] - Generating Daily Revenue Chart...
2026-07-17 17:39:14,717 - INFO - [generate_charts.py:164] - Generating Store Performance Chart...
2026-07-17 17:39:16,933 - INFO - [generate_charts.py:211] - Charts generated successfully!
2026-07-17 17:39:16,937 - INFO - [run_pipeline.py:122] - ============================================================
2026-07-17 17:39:16,938 - INFO - [run_pipeline.py:123] - Pipeline Status : SUCCESS
2026-07-17 17:39:16,939 - INFO - [run_pipeline.py:124] - Execution Time : 8.92 seconds
2026-07-17 17:39:16,939 - INFO - [run_pipeline.py:125] - Report Saved : C:\Users\vidiy.SRUTHY\OneDrive\Desktop\retail\retailpulse\data\pipeline_run_report.json
2026-07-17 17:39:16,940 - INFO - [run_pipeline.py:126] - ============================================================
2026-07-17 17:57:23,795 - INFO - [run_pipeline.py:23] - ============================================================
2026-07-17 17:57:23,797 - INFO - [run_pipeline.py:24] - Initializing RetailPulse Supply Chain Pipeline
2026-07-17 17:57:23,798 - INFO - [run_pipeline.py:25] - ============================================================
2026-07-17 17:57:23,799 - INFO - [run_pipeline.py:39] - [1/4] Running Bronze Layer...
2026-07-17 17:57:23,860 - INFO - [bronze_ingest.py:24] - Starting Bronze Layer Ingestion...
2026-07-17 17:57:23,912 - INFO - [bronze_ingest.py:67] - Copied orders (600 rows, 6 columns)
2026-07-17 17:57:23,936 - INFO - [bronze_ingest.py:67] - Copied inventory (300 rows, 5 columns)
2026-07-17 17:57:23,956 - INFO - [bronze_ingest.py:67] - Copied products (30 rows, 4 columns)
2026-07-17 17:57:23,978 - INFO - [bronze_ingest.py:67] - Copied stores (10 rows, 4 columns)
2026-07-17 17:57:24,001 - INFO - [bronze_ingest.py:67] - Copied suppliers (20 rows, 5 columns)
2026-07-17 17:57:24,008 - INFO - [run_pipeline.py:54] - [2/4] Running Silver Layer...
2026-07-17 17:57:24,058 - INFO - [silver_clean.py:13] - Starting Silver Layer Processing...
2026-07-17 17:57:24,065 - INFO - [silver_clean.py:34] - Processing dataset 'inventory' for Silver Layer...
2026-07-17 17:57:24,182 - INFO - [silver_clean.py:101] - Silver Process Success: 'inventory' -> Saved to 'data/silver\inventory_clean.csv' (300 rows, dropped 0 rows)
2026-07-17 17:57:24,254 - INFO - [silver_clean.py:105] - Silver table 'silver_inventory' successfully updated in SQLite database.
2026-07-17 17:57:24,257 - INFO - [silver_clean.py:34] - Processing dataset 'orders' for Silver Layer...
2026-07-17 17:57:24,354 - INFO - [silver_clean.py:101] - Silver Process Success: 'orders' -> Saved to 'data/silver\orders_clean.csv' (600 rows, dropped 0 rows)
2026-07-17 17:57:24,448 - INFO - [silver_clean.py:105] - Silver table 'silver_orders' successfully updated in SQLite database.
2026-07-17 17:57:24,451 - INFO - [silver_clean.py:34] - Processing dataset 'products' for Silver Layer...
2026-07-17 17:57:24,489 - INFO - [silver_clean.py:101] - Silver Process Success: 'products' -> Saved to 'data/silver\products_clean.csv' (30 rows, dropped 0 rows)
2026-07-17 17:57:24,559 - INFO - [silver_clean.py:105] - Silver table 'silver_products' successfully updated in SQLite database.
2026-07-17 17:57:24,561 - INFO - [silver_clean.py:34] - Processing dataset 'stores' for Silver Layer...
2026-07-17 17:57:24,600 - INFO - [silver_clean.py:101] - Silver Process Success: 'stores' -> Saved to 'data/silver\stores_clean.csv' (10 rows, dropped 0 rows)
2026-07-17 17:57:24,668 - INFO - [silver_clean.py:105] - Silver table 'silver_stores' successfully updated in SQLite database.
2026-07-17 17:57:24,670 - INFO - [silver_clean.py:34] - Processing dataset 'suppliers' for Silver Layer...
2026-07-17 17:57:24,701 - INFO - [silver_clean.py:101] - Silver Process Success: 'suppliers' -> Saved to 'data/silver\suppliers_clean.csv' (20 rows, dropped 0 rows)
2026-07-17 17:57:24,770 - INFO - [silver_clean.py:105] - Silver table 'silver_suppliers' successfully updated in SQLite database.
2026-07-17 17:57:24,776 - INFO - [silver_clean.py:126] - Silver layer processing complete. Metadata saved to data/silver\silver_metadata.json
2026-07-17 17:57:24,778 - INFO - [run_pipeline.py:69] - [3/4] Running Gold Layer...
2026-07-17 17:57:24,829 - INFO - [gold_kpis.py:13] - Starting Gold Layer KPI Aggregations...
2026-07-17 17:57:24,843 - INFO - [gold_kpis.py:96] - Computing KPI 'low_stock_alerts' using 'PANDAS' engine...
2026-07-17 17:57:24,859 - INFO - [gold_kpis.py:116] - Gold KPI Success: 'low_stock_alerts' -> Saved to 'data/gold\low_stock_alerts.csv' (50 rows)
2026-07-17 17:57:24,926 - INFO - [gold_kpis.py:96] - Computing KPI 'daily_sales' using 'PANDAS' engine...
2026-07-17 17:57:24,946 - INFO - [gold_kpis.py:116] - Gold KPI Success: 'daily_sales' -> Saved to 'data/gold\daily_sales.csv' (90 rows)
2026-07-17 17:57:25,001 - INFO - [gold_kpis.py:96] - Computing KPI 'top_products' using 'PANDAS' engine...
2026-07-17 17:57:25,018 - INFO - [gold_kpis.py:116] - Gold KPI Success: 'top_products' -> Saved to 'data/gold\top_products.csv' (10 rows)
2026-07-17 17:57:25,079 - INFO - [gold_kpis.py:96] - Computing KPI 'store_performance' using 'PANDAS' engine...
2026-07-17 17:57:25,098 - INFO - [gold_kpis.py:116] - Gold KPI Success: 'store_performance' -> Saved to 'data/gold\store_performance.csv' (10 rows)
2026-07-17 17:57:25,160 - INFO - [gold_kpis.py:96] - Computing KPI 'category_revenue' using 'PANDAS' engine...
2026-07-17 17:57:25,177 - INFO - [gold_kpis.py:116] - Gold KPI Success: 'category_revenue' -> Saved to 'data/gold\category_revenue.csv' (10 rows)
2026-07-17 17:57:25,245 - INFO - [gold_kpis.py:144] - Gold layer processing complete. Metadata saved to data/gold\gold_metadata.json
2026-07-17 17:57:25,246 - INFO - [run_pipeline.py:84] - [4/4] Generating Charts...
2026-07-17 17:57:25,304 - INFO - [generate_charts.py:18] - Generating Visualization Charts...
2026-07-17 17:57:25,310 - INFO - [generate_charts.py:50] - Generating Top Products Chart...
2026-07-17 17:57:28,267 - INFO - [generate_charts.py:108] - Generating Daily Revenue Chart...
2026-07-17 17:57:30,296 - INFO - [generate_charts.py:164] - Generating Store Performance Chart...
2026-07-17 17:57:32,797 - INFO - [generate_charts.py:211] - Charts generated successfully!
2026-07-17 17:57:32,801 - INFO - [run_pipeline.py:122] - ============================================================
2026-07-17 17:57:32,801 - INFO - [run_pipeline.py:123] - Pipeline Status : SUCCESS
2026-07-17 17:57:32,801 - INFO - [run_pipeline.py:124] - Execution Time : 9.0 seconds
2026-07-17 17:57:32,802 - INFO - [run_pipeline.py:125] - Report Saved : C:\Users\vidiy.SRUTHY\OneDrive\Desktop\retail\retailpulse\data\pipeline_run_report.json
2026-07-17 17:57:32,802 - INFO - [run_pipeline.py:126] - ============================================================
2026-07-17 18:06:41,213 - INFO - [run_pipeline.py:23] - ============================================================
2026-07-17 18:06:41,214 - INFO - [run_pipeline.py:24] - Initializing RetailPulse Supply Chain Pipeline
2026-07-17 18:06:41,215 - INFO - [run_pipeline.py:25] - ============================================================
2026-07-17 18:06:41,215 - INFO - [run_pipeline.py:39] - [1/4] Running Bronze Layer...
2026-07-17 18:06:41,268 - INFO - [bronze_ingest.py:24] - Starting Bronze Layer Ingestion...
2026-07-17 18:06:41,295 - INFO - [bronze_ingest.py:67] - Copied orders (600 rows, 6 columns)
2026-07-17 18:06:41,316 - INFO - [bronze_ingest.py:67] - Copied inventory (300 rows, 5 columns)
2026-07-17 18:06:41,340 - INFO - [bronze_ingest.py:67] - Copied products (30 rows, 4 columns)
2026-07-17 18:06:41,360 - INFO - [bronze_ingest.py:67] - Copied stores (10 rows, 4 columns)
2026-07-17 18:06:41,373 - INFO - [bronze_ingest.py:67] - Copied suppliers (20 rows, 5 columns)
2026-07-17 18:06:41,377 - INFO - [run_pipeline.py:54] - [2/4] Running Silver Layer...
2026-07-17 18:06:41,410 - INFO - [silver_clean.py:13] - Starting Silver Layer Processing...
2026-07-17 18:06:41,414 - INFO - [silver_clean.py:34] - Processing dataset 'inventory' for Silver Layer...
2026-07-17 18:06:41,550 - INFO - [silver_clean.py:101] - Silver Process Success: 'inventory' -> Saved to 'data/silver\inventory_clean.csv' (300 rows, dropped 0 rows)
2026-07-17 18:06:41,617 - INFO - [silver_clean.py:105] - Silver table 'silver_inventory' successfully updated in SQLite database.
2026-07-17 18:06:41,619 - INFO - [silver_clean.py:34] - Processing dataset 'orders' for Silver Layer...
2026-07-17 18:06:41,691 - INFO - [silver_clean.py:101] - Silver Process Success: 'orders' -> Saved to 'data/silver\orders_clean.csv' (600 rows, dropped 0 rows)
2026-07-17 18:06:41,776 - INFO - [silver_clean.py:105] - Silver table 'silver_orders' successfully updated in SQLite database.
2026-07-17 18:06:41,780 - INFO - [silver_clean.py:34] - Processing dataset 'products' for Silver Layer...
2026-07-17 18:06:41,838 - INFO - [silver_clean.py:101] - Silver Process Success: 'products' -> Saved to 'data/silver\products_clean.csv' (30 rows, dropped 0 rows)
2026-07-17 18:06:41,874 - INFO - [silver_clean.py:105] - Silver table 'silver_products' successfully updated in SQLite database.
2026-07-17 18:06:41,875 - INFO - [silver_clean.py:34] - Processing dataset 'stores' for Silver Layer...
2026-07-17 18:06:41,896 - INFO - [silver_clean.py:101] - Silver Process Success: 'stores' -> Saved to 'data/silver\stores_clean.csv' (10 rows, dropped 0 rows)
2026-07-17 18:06:41,934 - INFO - [silver_clean.py:105] - Silver table 'silver_stores' successfully updated in SQLite database.
2026-07-17 18:06:41,935 - INFO - [silver_clean.py:34] - Processing dataset 'suppliers' for Silver Layer...
2026-07-17 18:06:41,957 - INFO - [silver_clean.py:101] - Silver Process Success: 'suppliers' -> Saved to 'data/silver\suppliers_clean.csv' (20 rows, dropped 0 rows)
2026-07-17 18:06:41,997 - INFO - [silver_clean.py:105] - Silver table 'silver_suppliers' successfully updated in SQLite database.
2026-07-17 18:06:42,000 - INFO - [silver_clean.py:126] - Silver layer processing complete. Metadata saved to data/silver\silver_metadata.json
2026-07-17 18:06:42,001 - INFO - [run_pipeline.py:69] - [3/4] Running Gold Layer...
2026-07-17 18:06:42,051 - INFO - [gold_kpis.py:13] - Starting Gold Layer KPI Aggregations...
2026-07-17 18:06:42,063 - INFO - [gold_kpis.py:75] - Initializing PySpark Session for Gold layer computations...
2026-07-17 18:07:36,632 - INFO - [gold_kpis.py:78] - PySpark initialized successfully! Running with Spark SQL engine.
2026-07-17 18:07:55,368 - INFO - [gold_kpis.py:96] - Computing KPI 'low_stock_alerts' using 'SPARK' engine...
2026-07-17 18:07:56,317 - ERROR - [gold_kpis.py:128] - Failed to compute KPI 'low_stock_alerts' with SPARK: [DATATYPE_MISMATCH.BINARY_OP_DIFF_TYPES] Cannot resolve "(low_stock_flag = 1)" due to data type mismatch: the left and right operands of the binary operator have incompatible types ("BOOLEAN" and "INT"). SQLSTATE: 42K09; line 7 pos 18;
'Project ['p.product_name, 'p.category, 's.store_name, 's.city, 'i.stock_level, 'i.reorder_level, ('i.reorder_level - 'i.stock_level) AS units_needed#111]
+- 'Filter ((low_stock_flag#46 = 1) OR (low_stock_flag#46 = cast(true as boolean)))
   +- Join Inner, (store_id#42 = store_id#85)
      :- Join Inner, (product_id#41 = product_id#64)
      :  :- SubqueryAlias i
      :  :  +- SubqueryAlias silver_inventory
      :  :     +- View (`silver_inventory`, [product_id#41, store_id#42, stock_level#43, reorder_level#44, last_updated#45, low_stock_flag#46])
      :  :        +- Relation [product_id#41,store_id#42,stock_level#43,reorder_level#44,last_updated#45,low_stock_flag#46] csv
      :  +- SubqueryAlias p
      :     +- SubqueryAlias silver_products
      :        +- View (`silver_products`, [product_id#64, product_name#65, category#66, supplier_id#67])
      :           +- Relation [product_id#64,product_name#65,category#66,supplier_id#67] csv
      +- SubqueryAlias s
         +- SubqueryAlias silver_stores
            +- View (`silver_stores`, [store_id#85, store_name#86, city#87, region#88])
               +- Relation [store_id#85,store_name#86,city#87,region#88] csv

2026-07-17 18:07:56,785 - ERROR - [run_pipeline.py:99] - Pipeline Failed
Traceback (most recent call last):
  File "C:\Users\vidiy.SRUTHY\OneDrive\Desktop\retail\retailpulse\run_pipeline.py", line 73, in main
    run_gold_layer()
    ~~~~~~~~~~~~~~^^
  File "C:\Users\vidiy.SRUTHY\OneDrive\Desktop\retail\retailpulse\scripts\gold_kpis.py", line 132, in run_gold_layer
    raise e
  File "C:\Users\vidiy.SRUTHY\OneDrive\Desktop\retail\retailpulse\scripts\gold_kpis.py", line 101, in run_gold_layer
    spark_df = spark.sql(query)
  File "C:\Python313\Lib\site-packages\pyspark\sql\session.py", line 1816, in sql
    return DataFrame(self._jsparkSession.sql(sqlQuery, litArgs), self)
                     ~~~~~~~~~~~~~~~~~~~~~~~^^^^^^^^^^^^^^^^^^^
  File "C:\Python313\Lib\site-packages\py4j\java_gateway.py", line 1362, in __call__
    return_value = get_return_value(
        answer, self.gateway_client, self.target_id, self.name)
  File "C:\Python313\Lib\site-packages\pyspark\errors\exceptions\captured.py", line 269, in deco
    raise converted from None
pyspark.errors.exceptions.captured.AnalysisException: [DATATYPE_MISMATCH.BINARY_OP_DIFF_TYPES] Cannot resolve "(low_stock_flag = 1)" due to data type mismatch: the left and right operands of the binary operator have incompatible types ("BOOLEAN" and "INT"). SQLSTATE: 42K09; line 7 pos 18;
'Project ['p.product_name, 'p.category, 's.store_name, 's.city, 'i.stock_level, 'i.reorder_level, ('i.reorder_level - 'i.stock_level) AS units_needed#111]
+- 'Filter ((low_stock_flag#46 = 1) OR (low_stock_flag#46 = cast(true as boolean)))
   +- Join Inner, (store_id#42 = store_id#85)
      :- Join Inner, (product_id#41 = product_id#64)
      :  :- SubqueryAlias i
      :  :  +- SubqueryAlias silver_inventory
      :  :     +- View (`silver_inventory`, [product_id#41, store_id#42, stock_level#43, reorder_level#44, last_updated#45, low_stock_flag#46])
      :  :        +- Relation [product_id#41,store_id#42,stock_level#43,reorder_level#44,last_updated#45,low_stock_flag#46] csv
      :  +- SubqueryAlias p
      :     +- SubqueryAlias silver_products
      :        +- View (`silver_products`, [product_id#64, product_name#65, category#66, supplier_id#67])
      :           +- Relation [product_id#64,product_name#65,category#66,supplier_id#67] csv
      +- SubqueryAlias s
         +- SubqueryAlias silver_stores
            +- View (`silver_stores`, [store_id#85, store_name#86, city#87, region#88])
               +- Relation [store_id#85,store_name#86,city#87,region#88] csv

2026-07-17 18:07:56,858 - INFO - [run_pipeline.py:122] - ============================================================
2026-07-17 18:07:56,858 - INFO - [run_pipeline.py:123] - Pipeline Status : FAILED
2026-07-17 18:07:56,858 - INFO - [run_pipeline.py:124] - Execution Time : 75.64 seconds
2026-07-17 18:07:56,859 - INFO - [run_pipeline.py:125] - Report Saved : C:\Users\vidiy.SRUTHY\OneDrive\Desktop\retail\retailpulse\data\pipeline_run_report.json
2026-07-17 18:07:56,859 - INFO - [run_pipeline.py:126] - ============================================================
2026-07-18 11:08:41,610 - INFO - [run_pipeline.py:23] - ============================================================
2026-07-18 11:08:41,615 - INFO - [run_pipeline.py:24] - Initializing RetailPulse Supply Chain Pipeline
2026-07-18 11:08:41,617 - INFO - [run_pipeline.py:25] - ============================================================
2026-07-18 11:08:41,619 - INFO - [run_pipeline.py:39] - [1/4] Running Bronze Layer...
2026-07-18 11:08:41,680 - INFO - [bronze_ingest.py:24] - Starting Bronze Layer Ingestion...
2026-07-18 11:08:41,726 - INFO - [bronze_ingest.py:67] - Copied orders (600 rows, 6 columns)
2026-07-18 11:08:41,752 - INFO - [bronze_ingest.py:67] - Copied inventory (300 rows, 5 columns)
2026-07-18 11:08:41,780 - INFO - [bronze_ingest.py:67] - Copied products (30 rows, 4 columns)
2026-07-18 11:08:41,807 - INFO - [bronze_ingest.py:67] - Copied stores (10 rows, 4 columns)
2026-07-18 11:08:41,826 - INFO - [bronze_ingest.py:67] - Copied suppliers (20 rows, 5 columns)
2026-07-18 11:08:41,834 - INFO - [run_pipeline.py:54] - [2/4] Running Silver Layer...
2026-07-18 11:08:41,880 - INFO - [silver_clean.py:13] - Starting Silver Layer Processing...
2026-07-18 11:08:41,887 - INFO - [silver_clean.py:34] - Processing dataset 'inventory' for Silver Layer...
2026-07-18 11:08:42,034 - INFO - [silver_clean.py:101] - Silver Process Success: 'inventory' -> Saved to 'data/silver\inventory_clean.csv' (300 rows, dropped 0 rows)
2026-07-18 11:08:42,107 - INFO - [silver_clean.py:105] - Silver table 'silver_inventory' successfully updated in SQLite database.
2026-07-18 11:08:42,109 - INFO - [silver_clean.py:34] - Processing dataset 'orders' for Silver Layer...
2026-07-18 11:08:42,216 - INFO - [silver_clean.py:101] - Silver Process Success: 'orders' -> Saved to 'data/silver\orders_clean.csv' (600 rows, dropped 0 rows)
2026-07-18 11:08:42,287 - INFO - [silver_clean.py:105] - Silver table 'silver_orders' successfully updated in SQLite database.
2026-07-18 11:08:42,290 - INFO - [silver_clean.py:34] - Processing dataset 'products' for Silver Layer...
2026-07-18 11:08:42,365 - INFO - [silver_clean.py:101] - Silver Process Success: 'products' -> Saved to 'data/silver\products_clean.csv' (30 rows, dropped 0 rows)
2026-07-18 11:08:42,421 - INFO - [silver_clean.py:105] - Silver table 'silver_products' successfully updated in SQLite database.
2026-07-18 11:08:42,422 - INFO - [silver_clean.py:34] - Processing dataset 'stores' for Silver Layer...
2026-07-18 11:08:42,453 - INFO - [silver_clean.py:101] - Silver Process Success: 'stores' -> Saved to 'data/silver\stores_clean.csv' (10 rows, dropped 0 rows)
2026-07-18 11:08:42,493 - INFO - [silver_clean.py:105] - Silver table 'silver_stores' successfully updated in SQLite database.
2026-07-18 11:08:42,493 - INFO - [silver_clean.py:34] - Processing dataset 'suppliers' for Silver Layer...
2026-07-18 11:08:42,514 - INFO - [silver_clean.py:101] - Silver Process Success: 'suppliers' -> Saved to 'data/silver\suppliers_clean.csv' (20 rows, dropped 0 rows)
2026-07-18 11:08:42,562 - INFO - [silver_clean.py:105] - Silver table 'silver_suppliers' successfully updated in SQLite database.
2026-07-18 11:08:42,566 - INFO - [silver_clean.py:126] - Silver layer processing complete. Metadata saved to data/silver\silver_metadata.json
2026-07-18 11:08:42,567 - INFO - [run_pipeline.py:69] - [3/4] Running Gold Layer...
2026-07-18 11:08:42,626 - INFO - [gold_kpis.py:13] - Starting Gold Layer KPI Aggregations...
2026-07-18 11:08:42,637 - INFO - [gold_kpis.py:96] - Computing KPI 'low_stock_alerts' using 'PANDAS' engine...
2026-07-18 11:08:42,655 - INFO - [gold_kpis.py:116] - Gold KPI Success: 'low_stock_alerts' -> Saved to 'data/gold\low_stock_alerts.csv' (50 rows)
2026-07-18 11:08:42,715 - INFO - [gold_kpis.py:96] - Computing KPI 'daily_sales' using 'PANDAS' engine...
2026-07-18 11:08:42,732 - INFO - [gold_kpis.py:116] - Gold KPI Success: 'daily_sales' -> Saved to 'data/gold\daily_sales.csv' (90 rows)
2026-07-18 11:08:42,787 - INFO - [gold_kpis.py:96] - Computing KPI 'top_products' using 'PANDAS' engine...
2026-07-18 11:08:42,801 - INFO - [gold_kpis.py:116] - Gold KPI Success: 'top_products' -> Saved to 'data/gold\top_products.csv' (10 rows)
2026-07-18 11:08:42,850 - INFO - [gold_kpis.py:96] - Computing KPI 'store_performance' using 'PANDAS' engine...
2026-07-18 11:08:42,865 - INFO - [gold_kpis.py:116] - Gold KPI Success: 'store_performance' -> Saved to 'data/gold\store_performance.csv' (10 rows)
2026-07-18 11:08:42,920 - INFO - [gold_kpis.py:96] - Computing KPI 'category_revenue' using 'PANDAS' engine...
2026-07-18 11:08:42,936 - INFO - [gold_kpis.py:116] - Gold KPI Success: 'category_revenue' -> Saved to 'data/gold\category_revenue.csv' (10 rows)
2026-07-18 11:08:42,992 - INFO - [gold_kpis.py:144] - Gold layer processing complete. Metadata saved to data/gold\gold_metadata.json
2026-07-18 11:08:42,993 - INFO - [run_pipeline.py:84] - [4/4] Generating Charts...
2026-07-18 11:08:43,037 - INFO - [generate_charts.py:18] - Generating Visualization Charts...
2026-07-18 11:08:43,041 - INFO - [generate_charts.py:50] - Generating Top Products Chart...
2026-07-18 11:08:45,224 - INFO - [run_pipeline.py:23] - ============================================================
2026-07-18 11:08:45,224 - INFO - [run_pipeline.py:24] - Initializing RetailPulse Supply Chain Pipeline
2026-07-18 11:08:45,225 - INFO - [run_pipeline.py:25] - ============================================================
2026-07-18 11:08:45,225 - INFO - [run_pipeline.py:39] - [1/4] Running Bronze Layer...
2026-07-18 11:08:45,272 - INFO - [bronze_ingest.py:24] - Starting Bronze Layer Ingestion...
2026-07-18 11:08:45,317 - INFO - [bronze_ingest.py:67] - Copied orders (600 rows, 6 columns)
2026-07-18 11:08:45,338 - INFO - [bronze_ingest.py:67] - Copied inventory (300 rows, 5 columns)
2026-07-18 11:08:45,355 - INFO - [bronze_ingest.py:67] - Copied products (30 rows, 4 columns)
2026-07-18 11:08:45,372 - INFO - [bronze_ingest.py:67] - Copied stores (10 rows, 4 columns)
2026-07-18 11:08:45,387 - INFO - [bronze_ingest.py:67] - Copied suppliers (20 rows, 5 columns)
2026-07-18 11:08:45,392 - INFO - [run_pipeline.py:54] - [2/4] Running Silver Layer...
2026-07-18 11:08:45,441 - INFO - [silver_clean.py:13] - Starting Silver Layer Processing...
2026-07-18 11:08:45,452 - INFO - [silver_clean.py:34] - Processing dataset 'inventory' for Silver Layer...
2026-07-18 11:08:45,549 - INFO - [silver_clean.py:101] - Silver Process Success: 'inventory' -> Saved to 'data/silver\inventory_clean.csv' (300 rows, dropped 0 rows)
2026-07-18 11:08:45,596 - INFO - [silver_clean.py:105] - Silver table 'silver_inventory' successfully updated in SQLite database.
2026-07-18 11:08:45,597 - INFO - [silver_clean.py:34] - Processing dataset 'orders' for Silver Layer...
2026-07-18 11:08:45,688 - INFO - [silver_clean.py:101] - Silver Process Success: 'orders' -> Saved to 'data/silver\orders_clean.csv' (600 rows, dropped 0 rows)
2026-07-18 11:08:45,737 - INFO - [silver_clean.py:105] - Silver table 'silver_orders' successfully updated in SQLite database.
2026-07-18 11:08:45,737 - INFO - [silver_clean.py:34] - Processing dataset 'products' for Silver Layer...
2026-07-18 11:08:45,745 - INFO - [generate_charts.py:108] - Generating Daily Revenue Chart...
2026-07-18 11:08:45,767 - INFO - [silver_clean.py:101] - Silver Process Success: 'products' -> Saved to 'data/silver\products_clean.csv' (30 rows, dropped 0 rows)
2026-07-18 11:08:45,811 - INFO - [silver_clean.py:105] - Silver table 'silver_products' successfully updated in SQLite database.
2026-07-18 11:08:45,813 - INFO - [silver_clean.py:34] - Processing dataset 'stores' for Silver Layer...
2026-07-18 11:08:45,839 - INFO - [silver_clean.py:101] - Silver Process Success: 'stores' -> Saved to 'data/silver\stores_clean.csv' (10 rows, dropped 0 rows)
2026-07-18 11:08:45,882 - INFO - [silver_clean.py:105] - Silver table 'silver_stores' successfully updated in SQLite database.
2026-07-18 11:08:45,882 - INFO - [silver_clean.py:34] - Processing dataset 'suppliers' for Silver Layer...
2026-07-18 11:08:45,906 - INFO - [silver_clean.py:101] - Silver Process Success: 'suppliers' -> Saved to 'data/silver\suppliers_clean.csv' (20 rows, dropped 0 rows)
2026-07-18 11:08:46,032 - INFO - [silver_clean.py:105] - Silver table 'silver_suppliers' successfully updated in SQLite database.
2026-07-18 11:08:46,037 - INFO - [silver_clean.py:126] - Silver layer processing complete. Metadata saved to data/silver\silver_metadata.json
2026-07-18 11:08:46,037 - INFO - [run_pipeline.py:69] - [3/4] Running Gold Layer...
2026-07-18 11:08:46,108 - INFO - [gold_kpis.py:13] - Starting Gold Layer KPI Aggregations...
2026-07-18 11:08:46,118 - INFO - [gold_kpis.py:96] - Computing KPI 'low_stock_alerts' using 'PANDAS' engine...
2026-07-18 11:08:46,132 - INFO - [gold_kpis.py:116] - Gold KPI Success: 'low_stock_alerts' -> Saved to 'data/gold\low_stock_alerts.csv' (50 rows)
2026-07-18 11:08:46,176 - INFO - [gold_kpis.py:96] - Computing KPI 'daily_sales' using 'PANDAS' engine...
2026-07-18 11:08:46,196 - INFO - [gold_kpis.py:116] - Gold KPI Success: 'daily_sales' -> Saved to 'data/gold\daily_sales.csv' (90 rows)
2026-07-18 11:08:46,240 - INFO - [gold_kpis.py:96] - Computing KPI 'top_products' using 'PANDAS' engine...
2026-07-18 11:08:46,253 - INFO - [gold_kpis.py:116] - Gold KPI Success: 'top_products' -> Saved to 'data/gold\top_products.csv' (10 rows)
2026-07-18 11:08:46,304 - INFO - [gold_kpis.py:96] - Computing KPI 'store_performance' using 'PANDAS' engine...
2026-07-18 11:08:46,319 - INFO - [gold_kpis.py:116] - Gold KPI Success: 'store_performance' -> Saved to 'data/gold\store_performance.csv' (10 rows)
2026-07-18 11:08:46,358 - INFO - [gold_kpis.py:96] - Computing KPI 'category_revenue' using 'PANDAS' engine...
2026-07-18 11:08:46,369 - INFO - [gold_kpis.py:116] - Gold KPI Success: 'category_revenue' -> Saved to 'data/gold\category_revenue.csv' (10 rows)
2026-07-18 11:08:46,414 - INFO - [gold_kpis.py:144] - Gold layer processing complete. Metadata saved to data/gold\gold_metadata.json
2026-07-18 11:08:46,415 - INFO - [run_pipeline.py:84] - [4/4] Generating Charts...
2026-07-18 11:08:46,461 - INFO - [generate_charts.py:18] - Generating Visualization Charts...
2026-07-18 11:08:46,466 - INFO - [generate_charts.py:50] - Generating Top Products Chart...
2026-07-18 11:08:47,888 - INFO - [generate_charts.py:164] - Generating Store Performance Chart...
2026-07-18 11:08:49,127 - INFO - [generate_charts.py:108] - Generating Daily Revenue Chart...
2026-07-18 11:08:50,547 - INFO - [generate_charts.py:211] - Charts generated successfully!
2026-07-18 11:08:50,552 - INFO - [run_pipeline.py:122] - ============================================================
2026-07-18 11:08:50,552 - INFO - [run_pipeline.py:123] - Pipeline Status : SUCCESS
2026-07-18 11:08:50,553 - INFO - [run_pipeline.py:124] - Execution Time : 8.93 seconds
2026-07-18 11:08:50,553 - INFO - [run_pipeline.py:125] - Report Saved : C:\Users\vidiy.SRUTHY\OneDrive\Desktop\retail\retailpulse\data\pipeline_run_report.json
2026-07-18 11:08:50,553 - INFO - [run_pipeline.py:126] - ============================================================
2026-07-18 11:08:51,232 - INFO - [generate_charts.py:164] - Generating Store Performance Chart...
2026-07-18 11:08:53,909 - INFO - [generate_charts.py:211] - Charts generated successfully!
2026-07-18 11:08:53,912 - INFO - [run_pipeline.py:122] - ============================================================
2026-07-18 11:08:53,913 - INFO - [run_pipeline.py:123] - Pipeline Status : SUCCESS
2026-07-18 11:08:53,913 - INFO - [run_pipeline.py:124] - Execution Time : 8.68 seconds
2026-07-18 11:08:53,913 - INFO - [run_pipeline.py:125] - Report Saved : C:\Users\vidiy.SRUTHY\OneDrive\Desktop\retail\retailpulse\data\pipeline_run_report.json
2026-07-18 11:08:53,914 - INFO - [run_pipeline.py:126] - ============================================================
2026-07-18 22:54:36,169 - INFO - [run_pipeline.py:23] - ============================================================
2026-07-18 22:54:36,171 - INFO - [run_pipeline.py:24] - Initializing RetailPulse Supply Chain Pipeline
2026-07-18 22:54:36,172 - INFO - [run_pipeline.py:25] - ============================================================
2026-07-18 22:54:36,172 - INFO - [run_pipeline.py:39] - [1/4] Running Bronze Layer...
2026-07-18 22:54:36,230 - INFO - [bronze_ingest.py:24] - Starting Bronze Layer Ingestion...
2026-07-18 22:54:36,280 - INFO - [bronze_ingest.py:67] - Copied orders (600 rows, 6 columns)
2026-07-18 22:54:36,326 - INFO - [bronze_ingest.py:67] - Copied inventory (300 rows, 5 columns)
2026-07-18 22:54:36,366 - INFO - [bronze_ingest.py:67] - Copied products (30 rows, 4 columns)
2026-07-18 22:54:36,404 - INFO - [bronze_ingest.py:67] - Copied stores (10 rows, 4 columns)
2026-07-18 22:54:36,441 - INFO - [bronze_ingest.py:67] - Copied suppliers (20 rows, 5 columns)
2026-07-18 22:54:36,449 - INFO - [run_pipeline.py:54] - [2/4] Running Silver Layer...
2026-07-18 22:54:36,466 - INFO - [silver_clean.py:13] - Starting Silver Layer Processing...
2026-07-18 22:54:36,472 - INFO - [silver_clean.py:34] - Processing dataset 'inventory' for Silver Layer...
2026-07-18 22:54:36,534 - INFO - [silver_clean.py:101] - Silver Process Success: 'inventory' -> Saved to 'data/silver\inventory_clean.csv' (300 rows, dropped 0 rows)
2026-07-18 22:54:36,566 - INFO - [silver_clean.py:105] - Silver table 'silver_inventory' successfully updated in SQLite database.
2026-07-18 22:54:36,567 - INFO - [silver_clean.py:34] - Processing dataset 'orders' for Silver Layer...
2026-07-18 22:54:36,621 - INFO - [silver_clean.py:101] - Silver Process Success: 'orders' -> Saved to 'data/silver\orders_clean.csv' (600 rows, dropped 0 rows)
2026-07-18 22:54:36,661 - INFO - [silver_clean.py:105] - Silver table 'silver_orders' successfully updated in SQLite database.
2026-07-18 22:54:36,662 - INFO - [silver_clean.py:34] - Processing dataset 'products' for Silver Layer...
2026-07-18 22:54:36,683 - INFO - [silver_clean.py:101] - Silver Process Success: 'products' -> Saved to 'data/silver\products_clean.csv' (30 rows, dropped 0 rows)
2026-07-18 22:54:36,719 - INFO - [silver_clean.py:105] - Silver table 'silver_products' successfully updated in SQLite database.
2026-07-18 22:54:36,720 - INFO - [silver_clean.py:34] - Processing dataset 'stores' for Silver Layer...
2026-07-18 22:54:36,740 - INFO - [silver_clean.py:101] - Silver Process Success: 'stores' -> Saved to 'data/silver\stores_clean.csv' (10 rows, dropped 0 rows)
2026-07-18 22:54:36,780 - INFO - [silver_clean.py:105] - Silver table 'silver_stores' successfully updated in SQLite database.
2026-07-18 22:54:36,781 - INFO - [silver_clean.py:34] - Processing dataset 'suppliers' for Silver Layer...
2026-07-18 22:54:36,805 - INFO - [silver_clean.py:101] - Silver Process Success: 'suppliers' -> Saved to 'data/silver\suppliers_clean.csv' (20 rows, dropped 0 rows)
2026-07-18 22:54:36,844 - INFO - [silver_clean.py:105] - Silver table 'silver_suppliers' successfully updated in SQLite database.
2026-07-18 22:54:36,850 - INFO - [silver_clean.py:126] - Silver layer processing complete. Metadata saved to data/silver\silver_metadata.json
2026-07-18 22:54:36,851 - INFO - [run_pipeline.py:69] - [3/4] Running Gold Layer...
2026-07-18 22:54:36,887 - INFO - [gold_kpis.py:13] - Starting Gold Layer KPI Aggregations...
2026-07-18 22:54:36,896 - INFO - [gold_kpis.py:96] - Computing KPI 'low_stock_alerts' using 'PANDAS' engine...
2026-07-18 22:54:36,909 - INFO - [gold_kpis.py:116] - Gold KPI Success: 'low_stock_alerts' -> Saved to 'data/gold\low_stock_alerts.csv' (50 rows)
2026-07-18 22:54:36,944 - INFO - [gold_kpis.py:96] - Computing KPI 'daily_sales' using 'PANDAS' engine...
2026-07-18 22:54:36,956 - INFO - [gold_kpis.py:116] - Gold KPI Success: 'daily_sales' -> Saved to 'data/gold\daily_sales.csv' (90 rows)
2026-07-18 22:54:36,992 - INFO - [gold_kpis.py:96] - Computing KPI 'top_products' using 'PANDAS' engine...
2026-07-18 22:54:37,002 - INFO - [gold_kpis.py:116] - Gold KPI Success: 'top_products' -> Saved to 'data/gold\top_products.csv' (10 rows)
2026-07-18 22:54:37,038 - INFO - [gold_kpis.py:96] - Computing KPI 'store_performance' using 'PANDAS' engine...
2026-07-18 22:54:37,049 - INFO - [gold_kpis.py:116] - Gold KPI Success: 'store_performance' -> Saved to 'data/gold\store_performance.csv' (10 rows)
2026-07-18 22:54:37,101 - INFO - [gold_kpis.py:96] - Computing KPI 'category_revenue' using 'PANDAS' engine...
2026-07-18 22:54:37,114 - INFO - [gold_kpis.py:116] - Gold KPI Success: 'category_revenue' -> Saved to 'data/gold\category_revenue.csv' (10 rows)
2026-07-18 22:54:37,154 - INFO - [gold_kpis.py:144] - Gold layer processing complete. Metadata saved to data/gold\gold_metadata.json
2026-07-18 22:54:37,155 - INFO - [run_pipeline.py:84] - [4/4] Generating Charts...
2026-07-18 22:54:37,189 - INFO - [generate_charts.py:18] - Generating Visualization Charts...
2026-07-18 22:54:37,192 - INFO - [generate_charts.py:50] - Generating Top Products Chart...
2026-07-18 22:54:40,490 - INFO - [generate_charts.py:108] - Generating Daily Revenue Chart...
2026-07-18 22:54:41,399 - INFO - [generate_charts.py:164] - Generating Store Performance Chart...
2026-07-18 22:54:42,454 - INFO - [generate_charts.py:211] - Charts generated successfully!
2026-07-18 22:54:42,457 - INFO - [run_pipeline.py:122] - ============================================================
2026-07-18 22:54:42,458 - INFO - [run_pipeline.py:123] - Pipeline Status : SUCCESS
2026-07-18 22:54:42,459 - INFO - [run_pipeline.py:124] - Execution Time : 6.28 seconds
2026-07-18 22:54:42,459 - INFO - [run_pipeline.py:125] - Report Saved : C:\Users\vidiy.SRUTHY\OneDrive\Desktop\retail\retailpulse_project\data\pipeline_run_report.json
2026-07-18 22:54:42,460 - INFO - [run_pipeline.py:126] - ============================================================
